#
# A fatal error has been detected by the Java Runtime Environment:
#
#  EXCEPTION_ACCESS_VIOLATION (0xc0000005) at pc=0x00007ffd4db4e508, pid=18096, tid=17744
#
# JRE version: OpenJDK Runtime Environment Zulu15.32+15-CA (15.0.3+3) (build 15.0.3+3)
# Java VM: OpenJDK 64-Bit Server VM Zulu15.32+15-CA (15.0.3+3, mixed mode, sharing, tiered, compressed oops, g1 gc, windows-amd64)
# Problematic frame:
# C  [nvoglv64.dll+0x113e508]
#
# No core dump will be written. Minidumps are not enabled by default on client versions of Windows
#
# If you would like to submit a bug report, please visit:
#   http://www.azulsystems.com/support/
# The crash happened outside the Java Virtual Machine in native code.
# See problematic frame for where to report the bug.
#

---------------  S U M M A R Y ------------

Command Line: -Dfile.encoding=windows-1252 -Duser.country=US -Duser.language=en -Duser.variant org.delusion.game.Main

Host: AMD Ryzen 5 3600 6-Core Processor              , 12 cores, 15G,  Windows 10 , 64 bit Build 19041 (10.0.19041.1023)
Time: Mon Aug  2 09:26:37 2021 Pacific Daylight Time elapsed time: 1.166735 seconds (0d 0h 0m 1s)

---------------  T H R E A D  ---------------

Current thread (0x00000156328908c0):  JavaThread "main" [_thread_in_native, id=17744, stack(0x00000023f9500000,0x00000023f9600000)]

Stack: [0x00000023f9500000,0x00000023f9600000],  sp=0x00000023f95ff1a8,  free space=1020k
Native frames: (J=compiled Java code, j=interpreted, Vv=VM code, C=native code)
C  [nvoglv64.dll+0x113e508]

Java frames: (J=compiled Java code, j=interpreted, Vv=VM code)
j  org.lwjgl.opengl.GL11C.nglTexImage2D(IIIIIIIIJ)V+0
j  org.lwjgl.opengl.GL11C.glTexImage2D(IIIIIIIILjava/nio/ByteBuffer;)V+17
j  org.lwjgl.opengl.GL11.glTexImage2D(IIIIIIIILjava/nio/ByteBuffer;)V+14
j  org.delusion.engine.render.texture.Texture2D.<init>(IIILorg/delusion/engine/render/texture/Texture2D$TexParams;Ljava/nio/ByteBuffer;)V+68
j  org.delusion.engine.render.ui.Font.<init>(Ljava/lang/String;I)V+162
j  org.delusion.game.Main.create()V+709
j  org.delusion.engine.App.run()V+1
j  org.delusion.game.Main.main([Ljava/lang/String;)V+39
v  ~StubRoutines::call_stub

siginfo: EXCEPTION_ACCESS_VIOLATION (0xc0000005), reading address 0x00000156662c6000


Register to memory mapping:

RIP=0x00007ffd4db4e508 nvoglv64.dll
RAX=0x0000000000000200 is an unknown value
RBX=0x0000015665dd00c0 points into unknown readable memory: 0x0000000000000000 | 00 00 00 00 00 00 00 00
RCX=0x0000015665dd0fd0 points into unknown readable memory: 0x00000156656042e8 | e8 42 60 65 56 01 00 00
RDX=0x00000000004f5030 is an unknown value
RSP=0x00000023f95ff1a8 is pointing into the stack for thread: 0x00000156328908c0
RBP=0x00000156662c50f0 points into unknown readable memory: 0x0000000000000000 | 00 00 00 00 00 00 00 00
RSI=262144 is a compressed pointer to class: 0x0000000800200000
sun.nio.cs.US_ASCII {0x0000000800200008}
RDI=0x0000015659a79080 points into unknown readable memory: 0x0000000000000000 | 00 00 00 00 00 00 00 00
R8 =0x000000000003fff0 is an unknown value
R9 =0x00000000000007e1 is an unknown value
R10=0x00000156662c50f0 points into unknown readable memory: 0x0000000000000000 | 00 00 00 00 00 00 00 00
R11=0x0000015665dd00c0 points into unknown readable memory: 0x0000000000000000 | 00 00 00 00 00 00 00 00
R12=0x0000000000001903 is an unknown value
R13=0x0 is NULL
R14=0x0000000000000200 is an unknown value
R15=0x0000000000001401 is an unknown value


Registers:
RAX=0x0000000000000200, RBX=0x0000015665dd00c0, RCX=0x0000015665dd0fd0, RDX=0x00000000004f5030
RSP=0x00000023f95ff1a8, RBP=0x00000156662c50f0, RSI=0x0000000000040000, RDI=0x0000015659a79080
R8 =0x000000000003fff0, R9 =0x00000000000007e1, R10=0x00000156662c50f0, R11=0x0000015665dd00c0
R12=0x0000000000001903, R13=0x0000000000000000, R14=0x0000000000000200, R15=0x0000000000001401
RIP=0x00007ffd4db4e508, EFLAGS=0x0000000000010206

Top of Stack: (sp=0x00000023f95ff1a8)
0x00000023f95ff1a8:   00007ffd4d20ca10 0000000000000200
0x00000023f95ff1b8:   0000015657e6699c 00000007110d42b0
0x00000023f95ff1c8:   00000156672772fa 0000002300001903
0x00000023f95ff1d8:   00007ffd00001401 00000156662c50f0
0x00000023f95ff1e8:   000001563b424d7c 0000002300040000
0x00000023f95ff1f8:   000001563b579c84 00000156328908c0
0x00000023f95ff208:   00000023f95ff428 0000015665a5d9a8
0x00000023f95ff218:   0000000000000000 0000000000001903
0x00000023f95ff228:   0000000000000000 0000000000000de1
0x00000023f95ff238:   00007ffd5c2a601a 0000000000000de1
0x00000023f95ff248:   0000000700000000 0000002300001903
0x00000023f95ff258:   0000000000000200 0000002300000200
0x00000023f95ff268:   0000015600000000 0000002300001903
0x00000023f95ff278:   0000015600001401 00000156662c50f0
0x00000023f95ff288:   000001563b56369c 000000070eacf038
0x00000023f95ff298:   00007ffd6908cab5 0000000000000de1 

Instructions: (pc=0x00007ffd4db4e508)
0x00007ffd4db4e408:   08 66 44 89 40 04 c3 90 8b 0a 44 0f b7 42 04 44
0x00007ffd4db4e418:   0f b6 4a 06 89 08 66 44 89 40 04 44 88 48 06 c3
0x00007ffd4db4e428:   4c 8b 02 8b 4a 08 44 0f b6 4a 0c 4c 89 00 89 48
0x00007ffd4db4e438:   08 44 88 48 0c c3 66 90 4c 8b 02 0f b6 4a 08 4c
0x00007ffd4db4e448:   89 00 88 48 08 c3 66 90 4c 8b 02 0f b7 4a 08 4c
0x00007ffd4db4e458:   89 00 66 89 48 08 c3 90 4c 8b 02 8b 4a 08 4c 89
0x00007ffd4db4e468:   00 89 48 08 c3 0f 1f 00 4c 8b 02 8b 4a 08 44 0f
0x00007ffd4db4e478:   b7 4a 0c 4c 89 00 89 48 08 66 44 89 48 0c c3 66
0x00007ffd4db4e488:   0f 1f 84 00 00 00 00 00 4c 8b 02 8b 4a 08 44 0f
0x00007ffd4db4e498:   b7 4a 0c 44 0f b6 52 0e 4c 89 00 89 48 08 66 44
0x00007ffd4db4e4a8:   89 48 0c 44 88 50 0e c3 0f 10 04 11 4c 03 c1 48
0x00007ffd4db4e4b8:   83 c1 10 41 f6 c3 0f 74 13 0f 28 c8 48 83 e1 f0
0x00007ffd4db4e4c8:   0f 10 04 11 48 83 c1 10 41 0f 11 0b 4c 2b c1 4d
0x00007ffd4db4e4d8:   8b c8 49 c1 e9 07 0f 84 88 00 00 00 0f 29 41 f0
0x00007ffd4db4e4e8:   4c 3b 0d 49 52 63 01 76 17 e9 c2 00 00 00 66 66
0x00007ffd4db4e4f8:   0f 1f 84 00 00 00 00 00 0f 29 41 e0 0f 29 49 f0
0x00007ffd4db4e508:   0f 10 04 11 0f 10 4c 11 10 48 81 c1 80 00 00 00
0x00007ffd4db4e518:   0f 29 41 80 0f 29 49 90 0f 10 44 11 a0 0f 10 4c
0x00007ffd4db4e528:   11 b0 49 ff c9 0f 29 41 a0 0f 29 49 b0 0f 10 44
0x00007ffd4db4e538:   11 c0 0f 10 4c 11 d0 0f 29 41 c0 0f 29 49 d0 0f
0x00007ffd4db4e548:   10 44 11 e0 0f 10 4c 11 f0 75 ad 0f 29 41 e0 49
0x00007ffd4db4e558:   83 e0 7f 0f 28 c1 eb 0c 0f 10 04 11 48 83 c1 10
0x00007ffd4db4e568:   49 83 e8 10 4d 8b c8 49 c1 e9 04 74 1c 66 66 66
0x00007ffd4db4e578:   0f 1f 84 00 00 00 00 00 0f 11 41 f0 0f 10 04 11
0x00007ffd4db4e588:   48 83 c1 10 49 ff c9 75 ef 49 83 e0 0f 74 0d 4a
0x00007ffd4db4e598:   8d 04 01 0f 10 4c 10 f0 0f 11 48 f0 0f 11 41 f0
0x00007ffd4db4e5a8:   49 8b c3 c3 0f 1f 40 00 0f 2b 41 e0 0f 2b 49 f0
0x00007ffd4db4e5b8:   0f 18 84 11 00 02 00 00 0f 10 04 11 0f 10 4c 11
0x00007ffd4db4e5c8:   10 48 81 c1 80 00 00 00 0f 2b 41 80 0f 2b 49 90
0x00007ffd4db4e5d8:   0f 10 44 11 a0 0f 10 4c 11 b0 49 ff c9 0f 2b 41
0x00007ffd4db4e5e8:   a0 0f 2b 49 b0 0f 10 44 11 c0 0f 10 4c 11 d0 0f
0x00007ffd4db4e5f8:   18 84 11 40 02 00 00 0f 2b 41 c0 0f 2b 49 d0 0f 


Stack slot to memory mapping:
stack at sp + 0 slots: 0x00007ffd4d20ca10 nvoglv64.dll
stack at sp + 1 slots: 0x0000000000000200 is an unknown value
stack at sp + 2 slots: 0x0000015657e6699c points into unknown readable memory: 00 10 00 00
stack at sp + 3 slots: 0x00000007110d42b0 is an oop: java.nio.HeapCharBuffer 
{0x00000007110d42b0} - klass: 'java/nio/HeapCharBuffer'
stack at sp + 4 slots: 0x00000156672772fa is pointing into metadata
stack at sp + 5 slots: 0x0000002300001903 is an unknown value
stack at sp + 6 slots: 0x00007ffd00001401 is an unknown value
stack at sp + 7 slots: 0x00000156662c50f0 points into unknown readable memory: 0x0000000000000000 | 00 00 00 00 00 00 00 00


---------------  P R O C E S S  ---------------

Threads class SMR info:
_java_thread_list=0x00000156650672c0, length=15, elements={
0x00000156328908c0, 0x000001565670ea70, 0x0000015656f176d0, 0x0000015656f2d900,
0x0000015656f302d0, 0x0000015656f31ca0, 0x0000015656f34060, 0x0000015656f38420,
0x0000015656f38e20, 0x000001565706d100, 0x0000015657079250, 0x000001565821f4a0,
0x0000015658338260, 0x0000015658b7a950, 0x0000015665238260
}

Java Threads: ( => current thread )
=>0x00000156328908c0 JavaThread "main" [_thread_in_native, id=17744, stack(0x00000023f9500000,0x00000023f9600000)]
  0x000001565670ea70 JavaThread "Reference Handler" daemon [_thread_blocked, id=8512, stack(0x00000023f9c00000,0x00000023f9d00000)]
  0x0000015656f176d0 JavaThread "Finalizer" daemon [_thread_blocked, id=17680, stack(0x00000023f9d00000,0x00000023f9e00000)]
  0x0000015656f2d900 JavaThread "Signal Dispatcher" daemon [_thread_blocked, id=18560, stack(0x00000023f9e00000,0x00000023f9f00000)]
  0x0000015656f302d0 JavaThread "Attach Listener" daemon [_thread_blocked, id=23064, stack(0x00000023f9f00000,0x00000023fa000000)]
  0x0000015656f31ca0 JavaThread "Service Thread" daemon [_thread_blocked, id=7852, stack(0x00000023fa000000,0x00000023fa100000)]
  0x0000015656f34060 JavaThread "C2 CompilerThread0" daemon [_thread_blocked, id=13736, stack(0x00000023fa100000,0x00000023fa200000)]
  0x0000015656f38420 JavaThread "C1 CompilerThread0" daemon [_thread_blocked, id=17452, stack(0x00000023fa200000,0x00000023fa300000)]
  0x0000015656f38e20 JavaThread "Sweeper thread" daemon [_thread_blocked, id=21652, stack(0x00000023fa300000,0x00000023fa400000)]
  0x000001565706d100 JavaThread "Notification Thread" daemon [_thread_blocked, id=10640, stack(0x00000023fa400000,0x00000023fa500000)]
  0x0000015657079250 JavaThread "Common-Cleaner" daemon [_thread_blocked, id=9772, stack(0x00000023fa600000,0x00000023fa700000)]
  0x000001565821f4a0 JavaThread "C2 CompilerThread1" daemon [_thread_blocked, id=14604, stack(0x00000023fad00000,0x00000023fae00000)]
  0x0000015658338260 JavaThread "C2 CompilerThread2" daemon [_thread_blocked, id=23492, stack(0x00000023fae00000,0x00000023faf00000)]
  0x0000015658b7a950 JavaThread "Thread-0" daemon [_thread_in_native, id=22636, stack(0x00000023fab00000,0x00000023fac00000)]
  0x0000015665238260 JavaThread "ForkJoinPool.commonPool-worker-19" daemon [_thread_blocked, id=9892, stack(0x00000023fb400000,0x00000023fb500000)]

Other Threads:
  0x000001565670e2f0 VMThread "VM Thread" [stack: 0x00000023f9b00000,0x00000023f9c00000] [id=15084]
  0x000001565706ddf0 WatcherThread [stack: 0x00000023fa500000,0x00000023fa600000] [id=17804]
  0x00000156328df630 GCTaskThread "GC Thread#0" [stack: 0x00000023f9600000,0x00000023f9700000] [id=7520]
  0x0000015657704fb0 GCTaskThread "GC Thread#1" [stack: 0x00000023faf00000,0x00000023fb000000] [id=6396]
  0x00000156586ca620 GCTaskThread "GC Thread#2" [stack: 0x00000023fb000000,0x00000023fb100000] [id=16584]
  0x00000156586cbc70 GCTaskThread "GC Thread#3" [stack: 0x00000023fb100000,0x00000023fb200000] [id=23472]
  0x00000156586c9fc0 GCTaskThread "GC Thread#4" [stack: 0x00000023fb200000,0x00000023fb300000] [id=9032]
  0x00000156586cb2e0 GCTaskThread "GC Thread#5" [stack: 0x00000023fb300000,0x00000023fb400000] [id=4124]
  0x00000156328f1670 ConcurrentGCThread "G1 Main Marker" [stack: 0x00000023f9700000,0x00000023f9800000] [id=14824]
  0x00000156328f29b0 ConcurrentGCThread "G1 Conc#0" [stack: 0x00000023f9800000,0x00000023f9900000] [id=6376]
  0x0000015632951750 ConcurrentGCThread "G1 Refine#0" [stack: 0x00000023f9900000,0x00000023f9a00000] [id=16464]
  0x0000015666774600 ConcurrentGCThread "G1 Refine#1" [stack: 0x00000023fb500000,0x00000023fb600000] [id=21836]
  0x00000156652f61e0 ConcurrentGCThread "G1 Refine#2" [stack: 0x00000023fb600000,0x00000023fb700000] [id=15440]
  0x0000015658317f00 ConcurrentGCThread "G1 Refine#3" [stack: 0x00000023fb700000,0x00000023fb800000] [id=23460]
  0x0000015665fca020 ConcurrentGCThread "G1 Refine#4" [stack: 0x00000023fb800000,0x00000023fb900000] [id=17972]
  0x0000015664f58830 ConcurrentGCThread "G1 Refine#5" [stack: 0x00000023fb900000,0x00000023fba00000] [id=3388]
  0x0000015665efe320 ConcurrentGCThread "G1 Refine#6" [stack: 0x00000023fba00000,0x00000023fbb00000] [id=18068]
  0x00000156652e7a30 ConcurrentGCThread "G1 Refine#7" [stack: 0x00000023fbb00000,0x00000023fbc00000] [id=15524]
  0x000001566569f4d0 ConcurrentGCThread "G1 Refine#8" [stack: 0x00000023fbc00000,0x00000023fbd00000] [id=19364]
  0x0000015656592390 ConcurrentGCThread "G1 Young RemSet Sampling" [stack: 0x00000023f9a00000,0x00000023f9b00000] [id=21120]

Threads with active compile tasks:

VM state: not at safepoint (normal execution)

VM Mutex/Monitor currently owned by a thread: None

Heap address: 0x0000000701200000, size: 4078 MB, Compressed Oops mode: Zero based, Oop shift amount: 3
CDS archive(s) mapped at: [0x0000000800000000-0x0000000800b50000-0x0000000800b50000), size 11862016, SharedBaseAddress: 0x0000000800000000, ArchiveRelocationMode: 0.
Compressed class space mapped at: 0x0000000800b50000-0x0000000840b50000, size: 1073741824
Narrow klass base: 0x0000000800000000, Narrow klass shift: 3, Narrow klass range: 0x100000000

GC Precious Log:
 CPUs: 12 total, 12 available
 Memory: 16307M
 Large Page Support: Disabled
 NUMA Support: Disabled
 Compressed Oops: Enabled (Zero based)
 Heap Region Size: 2M
 Heap Min Capacity: 8M
 Heap Initial Capacity: 256M
 Heap Max Capacity: 4078M
 Pre-touch: Disabled
 Parallel Workers: 10
 Concurrent Workers: 3
 Concurrent Refinement Workers: 10
 Periodic GC: Disabled

Heap:
 garbage-first heap   total 262144K, used 13772K [0x0000000701200000, 0x0000000800000000)
  region size 2048K, 4 young (8192K), 3 survivors (6144K)
 Metaspace       used 12275K, capacity 14225K, committed 14464K, reserved 1062912K
  class space    used 901K, capacity 1123K, committed 1152K, reserved 1048576K

Heap Regions: E=young(eden), S=young(survivor), O=old, HS=humongous(starts), HC=humongous(continues), CS=collection set, F=free, OA=open archive, CA=closed archive, TAMS=top-at-mark-start (previous, next)
|   0|0x0000000701200000, 0x0000000701400000, 0x0000000701400000|100%|HS|  |TAMS 0x0000000701200000, 0x0000000701200000| Complete 
|   1|0x0000000701400000, 0x0000000701600000, 0x0000000701600000|100%|HC|  |TAMS 0x0000000701400000, 0x0000000701400000| Complete 
|   2|0x0000000701600000, 0x0000000701800000, 0x0000000701800000|100%|HS|  |TAMS 0x0000000701600000, 0x0000000701600000| Complete 
|   3|0x0000000701800000, 0x0000000701a00000, 0x0000000701a00000|100%|HC|  |TAMS 0x0000000701800000, 0x0000000701800000| Complete 
|   4|0x0000000701a00000, 0x0000000701a00000, 0x0000000701c00000|  0%| F|  |TAMS 0x0000000701a00000, 0x0000000701a00000| Untracked 
|   5|0x0000000701c00000, 0x0000000701c00000, 0x0000000701e00000|  0%| F|  |TAMS 0x0000000701c00000, 0x0000000701c00000| Untracked 
|   6|0x0000000701e00000, 0x0000000701e00000, 0x0000000702000000|  0%| F|  |TAMS 0x0000000701e00000, 0x0000000701e00000| Untracked 
|   7|0x0000000702000000, 0x0000000702000000, 0x0000000702200000|  0%| F|  |TAMS 0x0000000702000000, 0x0000000702000000| Untracked 
|   8|0x0000000702200000, 0x0000000702200000, 0x0000000702400000|  0%| F|  |TAMS 0x0000000702200000, 0x0000000702200000| Untracked 
|   9|0x0000000702400000, 0x0000000702400000, 0x0000000702600000|  0%| F|  |TAMS 0x0000000702400000, 0x0000000702400000| Untracked 
|  10|0x0000000702600000, 0x0000000702600000, 0x0000000702800000|  0%| F|  |TAMS 0x0000000702600000, 0x0000000702600000| Untracked 
|  11|0x0000000702800000, 0x0000000702800000, 0x0000000702a00000|  0%| F|  |TAMS 0x0000000702800000, 0x0000000702800000| Untracked 
|  12|0x0000000702a00000, 0x0000000702a00000, 0x0000000702c00000|  0%| F|  |TAMS 0x0000000702a00000, 0x0000000702a00000| Untracked 
|  13|0x0000000702c00000, 0x0000000702c00000, 0x0000000702e00000|  0%| F|  |TAMS 0x0000000702c00000, 0x0000000702c00000| Untracked 
|  14|0x0000000702e00000, 0x0000000702e00000, 0x0000000703000000|  0%| F|  |TAMS 0x0000000702e00000, 0x0000000702e00000| Untracked 
|  15|0x0000000703000000, 0x0000000703000000, 0x0000000703200000|  0%| F|  |TAMS 0x0000000703000000, 0x0000000703000000| Untracked 
|  16|0x0000000703200000, 0x0000000703200000, 0x0000000703400000|  0%| F|  |TAMS 0x0000000703200000, 0x0000000703200000| Untracked 
|  17|0x0000000703400000, 0x0000000703400000, 0x0000000703600000|  0%| F|  |TAMS 0x0000000703400000, 0x0000000703400000| Untracked 
|  18|0x0000000703600000, 0x0000000703600000, 0x0000000703800000|  0%| F|  |TAMS 0x0000000703600000, 0x0000000703600000| Untracked 
|  19|0x0000000703800000, 0x0000000703800000, 0x0000000703a00000|  0%| F|  |TAMS 0x0000000703800000, 0x0000000703800000| Untracked 
|  20|0x0000000703a00000, 0x0000000703a00000, 0x0000000703c00000|  0%| F|  |TAMS 0x0000000703a00000, 0x0000000703a00000| Untracked 
|  21|0x0000000703c00000, 0x0000000703c00000, 0x0000000703e00000|  0%| F|  |TAMS 0x0000000703c00000, 0x0000000703c00000| Untracked 
|  22|0x0000000703e00000, 0x0000000703e00000, 0x0000000704000000|  0%| F|  |TAMS 0x0000000703e00000, 0x0000000703e00000| Untracked 
|  23|0x0000000704000000, 0x0000000704000000, 0x0000000704200000|  0%| F|  |TAMS 0x0000000704000000, 0x0000000704000000| Untracked 
|  24|0x0000000704200000, 0x0000000704200000, 0x0000000704400000|  0%| F|  |TAMS 0x0000000704200000, 0x0000000704200000| Untracked 
|  25|0x0000000704400000, 0x0000000704400000, 0x0000000704600000|  0%| F|  |TAMS 0x0000000704400000, 0x0000000704400000| Untracked 
|  26|0x0000000704600000, 0x0000000704600000, 0x0000000704800000|  0%| F|  |TAMS 0x0000000704600000, 0x0000000704600000| Untracked 
|  27|0x0000000704800000, 0x0000000704800000, 0x0000000704a00000|  0%| F|  |TAMS 0x0000000704800000, 0x0000000704800000| Untracked 
|  28|0x0000000704a00000, 0x0000000704a00000, 0x0000000704c00000|  0%| F|  |TAMS 0x0000000704a00000, 0x0000000704a00000| Untracked 
|  29|0x0000000704c00000, 0x0000000704c00000, 0x0000000704e00000|  0%| F|  |TAMS 0x0000000704c00000, 0x0000000704c00000| Untracked 
|  30|0x0000000704e00000, 0x0000000704e00000, 0x0000000705000000|  0%| F|  |TAMS 0x0000000704e00000, 0x0000000704e00000| Untracked 
|  31|0x0000000705000000, 0x0000000705000000, 0x0000000705200000|  0%| F|  |TAMS 0x0000000705000000, 0x0000000705000000| Untracked 
|  32|0x0000000705200000, 0x0000000705200000, 0x0000000705400000|  0%| F|  |TAMS 0x0000000705200000, 0x0000000705200000| Untracked 
|  33|0x0000000705400000, 0x0000000705400000, 0x0000000705600000|  0%| F|  |TAMS 0x0000000705400000, 0x0000000705400000| Untracked 
|  34|0x0000000705600000, 0x0000000705600000, 0x0000000705800000|  0%| F|  |TAMS 0x0000000705600000, 0x0000000705600000| Untracked 
|  35|0x0000000705800000, 0x0000000705800000, 0x0000000705a00000|  0%| F|  |TAMS 0x0000000705800000, 0x0000000705800000| Untracked 
|  36|0x0000000705a00000, 0x0000000705a00000, 0x0000000705c00000|  0%| F|  |TAMS 0x0000000705a00000, 0x0000000705a00000| Untracked 
|  37|0x0000000705c00000, 0x0000000705c00000, 0x0000000705e00000|  0%| F|  |TAMS 0x0000000705c00000, 0x0000000705c00000| Untracked 
|  38|0x0000000705e00000, 0x0000000705e00000, 0x0000000706000000|  0%| F|  |TAMS 0x0000000705e00000, 0x0000000705e00000| Untracked 
|  39|0x0000000706000000, 0x0000000706000000, 0x0000000706200000|  0%| F|  |TAMS 0x0000000706000000, 0x0000000706000000| Untracked 
|  40|0x0000000706200000, 0x0000000706200000, 0x0000000706400000|  0%| F|  |TAMS 0x0000000706200000, 0x0000000706200000| Untracked 
|  41|0x0000000706400000, 0x0000000706400000, 0x0000000706600000|  0%| F|  |TAMS 0x0000000706400000, 0x0000000706400000| Untracked 
|  42|0x0000000706600000, 0x0000000706600000, 0x0000000706800000|  0%| F|  |TAMS 0x0000000706600000, 0x0000000706600000| Untracked 
|  43|0x0000000706800000, 0x0000000706800000, 0x0000000706a00000|  0%| F|  |TAMS 0x0000000706800000, 0x0000000706800000| Untracked 
|  44|0x0000000706a00000, 0x0000000706a00000, 0x0000000706c00000|  0%| F|  |TAMS 0x0000000706a00000, 0x0000000706a00000| Untracked 
|  45|0x0000000706c00000, 0x0000000706c00000, 0x0000000706e00000|  0%| F|  |TAMS 0x0000000706c00000, 0x0000000706c00000| Untracked 
|  46|0x0000000706e00000, 0x0000000706e00000, 0x0000000707000000|  0%| F|  |TAMS 0x0000000706e00000, 0x0000000706e00000| Untracked 
|  47|0x0000000707000000, 0x0000000707000000, 0x0000000707200000|  0%| F|  |TAMS 0x0000000707000000, 0x0000000707000000| Untracked 
|  48|0x0000000707200000, 0x0000000707200000, 0x0000000707400000|  0%| F|  |TAMS 0x0000000707200000, 0x0000000707200000| Untracked 
|  49|0x0000000707400000, 0x0000000707400000, 0x0000000707600000|  0%| F|  |TAMS 0x0000000707400000, 0x0000000707400000| Untracked 
|  50|0x0000000707600000, 0x0000000707600000, 0x0000000707800000|  0%| F|  |TAMS 0x0000000707600000, 0x0000000707600000| Untracked 
|  51|0x0000000707800000, 0x0000000707800000, 0x0000000707a00000|  0%| F|  |TAMS 0x0000000707800000, 0x0000000707800000| Untracked 
|  52|0x0000000707a00000, 0x0000000707a00000, 0x0000000707c00000|  0%| F|  |TAMS 0x0000000707a00000, 0x0000000707a00000| Untracked 
|  53|0x0000000707c00000, 0x0000000707c00000, 0x0000000707e00000|  0%| F|  |TAMS 0x0000000707c00000, 0x0000000707c00000| Untracked 
|  54|0x0000000707e00000, 0x0000000707e00000, 0x0000000708000000|  0%| F|  |TAMS 0x0000000707e00000, 0x0000000707e00000| Untracked 
|  55|0x0000000708000000, 0x0000000708000000, 0x0000000708200000|  0%| F|  |TAMS 0x0000000708000000, 0x0000000708000000| Untracked 
|  56|0x0000000708200000, 0x0000000708200000, 0x0000000708400000|  0%| F|  |TAMS 0x0000000708200000, 0x0000000708200000| Untracked 
|  57|0x0000000708400000, 0x0000000708400000, 0x0000000708600000|  0%| F|  |TAMS 0x0000000708400000, 0x0000000708400000| Untracked 
|  58|0x0000000708600000, 0x0000000708600000, 0x0000000708800000|  0%| F|  |TAMS 0x0000000708600000, 0x0000000708600000| Untracked 
|  59|0x0000000708800000, 0x0000000708800000, 0x0000000708a00000|  0%| F|  |TAMS 0x0000000708800000, 0x0000000708800000| Untracked 
|  60|0x0000000708a00000, 0x0000000708a00000, 0x0000000708c00000|  0%| F|  |TAMS 0x0000000708a00000, 0x0000000708a00000| Untracked 
|  61|0x0000000708c00000, 0x0000000708c00000, 0x0000000708e00000|  0%| F|  |TAMS 0x0000000708c00000, 0x0000000708c00000| Untracked 
|  62|0x0000000708e00000, 0x0000000708e00000, 0x0000000709000000|  0%| F|  |TAMS 0x0000000708e00000, 0x0000000708e00000| Untracked 
|  63|0x0000000709000000, 0x0000000709000000, 0x0000000709200000|  0%| F|  |TAMS 0x0000000709000000, 0x0000000709000000| Untracked 
|  64|0x0000000709200000, 0x0000000709200000, 0x0000000709400000|  0%| F|  |TAMS 0x0000000709200000, 0x0000000709200000| Untracked 
|  65|0x0000000709400000, 0x0000000709400000, 0x0000000709600000|  0%| F|  |TAMS 0x0000000709400000, 0x0000000709400000| Untracked 
|  66|0x0000000709600000, 0x0000000709600000, 0x0000000709800000|  0%| F|  |TAMS 0x0000000709600000, 0x0000000709600000| Untracked 
|  67|0x0000000709800000, 0x0000000709800000, 0x0000000709a00000|  0%| F|  |TAMS 0x0000000709800000, 0x0000000709800000| Untracked 
|  68|0x0000000709a00000, 0x0000000709a00000, 0x0000000709c00000|  0%| F|  |TAMS 0x0000000709a00000, 0x0000000709a00000| Untracked 
|  69|0x0000000709c00000, 0x0000000709c00000, 0x0000000709e00000|  0%| F|  |TAMS 0x0000000709c00000, 0x0000000709c00000| Untracked 
|  70|0x0000000709e00000, 0x0000000709e00000, 0x000000070a000000|  0%| F|  |TAMS 0x0000000709e00000, 0x0000000709e00000| Untracked 
|  71|0x000000070a000000, 0x000000070a000000, 0x000000070a200000|  0%| F|  |TAMS 0x000000070a000000, 0x000000070a000000| Untracked 
|  72|0x000000070a200000, 0x000000070a200000, 0x000000070a400000|  0%| F|  |TAMS 0x000000070a200000, 0x000000070a200000| Untracked 
|  73|0x000000070a400000, 0x000000070a400000, 0x000000070a600000|  0%| F|  |TAMS 0x000000070a400000, 0x000000070a400000| Untracked 
|  74|0x000000070a600000, 0x000000070a600000, 0x000000070a800000|  0%| F|  |TAMS 0x000000070a600000, 0x000000070a600000| Untracked 
|  75|0x000000070a800000, 0x000000070a800000, 0x000000070aa00000|  0%| F|  |TAMS 0x000000070a800000, 0x000000070a800000| Untracked 
|  76|0x000000070aa00000, 0x000000070aa00000, 0x000000070ac00000|  0%| F|  |TAMS 0x000000070aa00000, 0x000000070aa00000| Untracked 
|  77|0x000000070ac00000, 0x000000070ac00000, 0x000000070ae00000|  0%| F|  |TAMS 0x000000070ac00000, 0x000000070ac00000| Untracked 
|  78|0x000000070ae00000, 0x000000070ae00000, 0x000000070b000000|  0%| F|  |TAMS 0x000000070ae00000, 0x000000070ae00000| Untracked 
|  79|0x000000070b000000, 0x000000070b000000, 0x000000070b200000|  0%| F|  |TAMS 0x000000070b000000, 0x000000070b000000| Untracked 
|  80|0x000000070b200000, 0x000000070b200000, 0x000000070b400000|  0%| F|  |TAMS 0x000000070b200000, 0x000000070b200000| Untracked 
|  81|0x000000070b400000, 0x000000070b400000, 0x000000070b600000|  0%| F|  |TAMS 0x000000070b400000, 0x000000070b400000| Untracked 
|  82|0x000000070b600000, 0x000000070b600000, 0x000000070b800000|  0%| F|  |TAMS 0x000000070b600000, 0x000000070b600000| Untracked 
|  83|0x000000070b800000, 0x000000070b800000, 0x000000070ba00000|  0%| F|  |TAMS 0x000000070b800000, 0x000000070b800000| Untracked 
|  84|0x000000070ba00000, 0x000000070ba00000, 0x000000070bc00000|  0%| F|  |TAMS 0x000000070ba00000, 0x000000070ba00000| Untracked 
|  85|0x000000070bc00000, 0x000000070bc00000, 0x000000070be00000|  0%| F|  |TAMS 0x000000070bc00000, 0x000000070bc00000| Untracked 
|  86|0x000000070be00000, 0x000000070be00000, 0x000000070c000000|  0%| F|  |TAMS 0x000000070be00000, 0x000000070be00000| Untracked 
|  87|0x000000070c000000, 0x000000070c000000, 0x000000070c200000|  0%| F|  |TAMS 0x000000070c000000, 0x000000070c000000| Untracked 
|  88|0x000000070c200000, 0x000000070c200000, 0x000000070c400000|  0%| F|  |TAMS 0x000000070c200000, 0x000000070c200000| Untracked 
|  89|0x000000070c400000, 0x000000070c400000, 0x000000070c600000|  0%| F|  |TAMS 0x000000070c400000, 0x000000070c400000| Untracked 
|  90|0x000000070c600000, 0x000000070c600000, 0x000000070c800000|  0%| F|  |TAMS 0x000000070c600000, 0x000000070c600000| Untracked 
|  91|0x000000070c800000, 0x000000070c800000, 0x000000070ca00000|  0%| F|  |TAMS 0x000000070c800000, 0x000000070c800000| Untracked 
|  92|0x000000070ca00000, 0x000000070ca00000, 0x000000070cc00000|  0%| F|  |TAMS 0x000000070ca00000, 0x000000070ca00000| Untracked 
|  93|0x000000070cc00000, 0x000000070cc00000, 0x000000070ce00000|  0%| F|  |TAMS 0x000000070cc00000, 0x000000070cc00000| Untracked 
|  94|0x000000070ce00000, 0x000000070ce00000, 0x000000070d000000|  0%| F|  |TAMS 0x000000070ce00000, 0x000000070ce00000| Untracked 
|  95|0x000000070d000000, 0x000000070d000000, 0x000000070d200000|  0%| F|  |TAMS 0x000000070d000000, 0x000000070d000000| Untracked 
|  96|0x000000070d200000, 0x000000070d200000, 0x000000070d400000|  0%| F|  |TAMS 0x000000070d200000, 0x000000070d200000| Untracked 
|  97|0x000000070d400000, 0x000000070d400000, 0x000000070d600000|  0%| F|  |TAMS 0x000000070d400000, 0x000000070d400000| Untracked 
|  98|0x000000070d600000, 0x000000070d600000, 0x000000070d800000|  0%| F|  |TAMS 0x000000070d600000, 0x000000070d600000| Untracked 
|  99|0x000000070d800000, 0x000000070d800000, 0x000000070da00000|  0%| F|  |TAMS 0x000000070d800000, 0x000000070d800000| Untracked 
| 100|0x000000070da00000, 0x000000070da00000, 0x000000070dc00000|  0%| F|  |TAMS 0x000000070da00000, 0x000000070da00000| Untracked 
| 101|0x000000070dc00000, 0x000000070dc00000, 0x000000070de00000|  0%| F|  |TAMS 0x000000070dc00000, 0x000000070dc00000| Untracked 
| 102|0x000000070de00000, 0x000000070de00000, 0x000000070e000000|  0%| F|  |TAMS 0x000000070de00000, 0x000000070de00000| Untracked 
| 103|0x000000070e000000, 0x000000070e000000, 0x000000070e200000|  0%| F|  |TAMS 0x000000070e000000, 0x000000070e000000| Untracked 
| 104|0x000000070e200000, 0x000000070e200000, 0x000000070e400000|  0%| F|  |TAMS 0x000000070e200000, 0x000000070e200000| Untracked 
| 105|0x000000070e400000, 0x000000070e400000, 0x000000070e600000|  0%| F|  |TAMS 0x000000070e400000, 0x000000070e400000| Untracked 
| 106|0x000000070e600000, 0x000000070e7733d0, 0x000000070e800000| 72%| S|CS|TAMS 0x000000070e600000, 0x000000070e600000| Complete 
| 107|0x000000070e800000, 0x000000070ea00000, 0x000000070ea00000|100%| S|CS|TAMS 0x000000070e800000, 0x000000070e800000| Complete 
| 108|0x000000070ea00000, 0x000000070ec00000, 0x000000070ec00000|100%| S|CS|TAMS 0x000000070ea00000, 0x000000070ea00000| Complete 
| 109|0x000000070ec00000, 0x000000070ec00000, 0x000000070ee00000|  0%| F|  |TAMS 0x000000070ec00000, 0x000000070ec00000| Untracked 
| 110|0x000000070ee00000, 0x000000070ee00000, 0x000000070f000000|  0%| F|  |TAMS 0x000000070ee00000, 0x000000070ee00000| Untracked 
| 111|0x000000070f000000, 0x000000070f000000, 0x000000070f200000|  0%| F|  |TAMS 0x000000070f000000, 0x000000070f000000| Untracked 
| 112|0x000000070f200000, 0x000000070f200000, 0x000000070f400000|  0%| F|  |TAMS 0x000000070f200000, 0x000000070f200000| Untracked 
| 113|0x000000070f400000, 0x000000070f400000, 0x000000070f600000|  0%| F|  |TAMS 0x000000070f400000, 0x000000070f400000| Untracked 
| 114|0x000000070f600000, 0x000000070f600000, 0x000000070f800000|  0%| F|  |TAMS 0x000000070f600000, 0x000000070f600000| Untracked 
| 115|0x000000070f800000, 0x000000070f800000, 0x000000070fa00000|  0%| F|  |TAMS 0x000000070f800000, 0x000000070f800000| Untracked 
| 116|0x000000070fa00000, 0x000000070fa00000, 0x000000070fc00000|  0%| F|  |TAMS 0x000000070fa00000, 0x000000070fa00000| Untracked 
| 117|0x000000070fc00000, 0x000000070fc00000, 0x000000070fe00000|  0%| F|  |TAMS 0x000000070fc00000, 0x000000070fc00000| Untracked 
| 118|0x000000070fe00000, 0x000000070fe00000, 0x0000000710000000|  0%| F|  |TAMS 0x000000070fe00000, 0x000000070fe00000| Untracked 
| 119|0x0000000710000000, 0x0000000710000000, 0x0000000710200000|  0%| F|  |TAMS 0x0000000710000000, 0x0000000710000000| Untracked 
| 120|0x0000000710200000, 0x0000000710200000, 0x0000000710400000|  0%| F|  |TAMS 0x0000000710200000, 0x0000000710200000| Untracked 
| 121|0x0000000710400000, 0x0000000710400000, 0x0000000710600000|  0%| F|  |TAMS 0x0000000710400000, 0x0000000710400000| Untracked 
| 122|0x0000000710600000, 0x0000000710600000, 0x0000000710800000|  0%| F|  |TAMS 0x0000000710600000, 0x0000000710600000| Untracked 
| 123|0x0000000710800000, 0x0000000710800000, 0x0000000710a00000|  0%| F|  |TAMS 0x0000000710800000, 0x0000000710800000| Untracked 
| 124|0x0000000710a00000, 0x0000000710a00000, 0x0000000710c00000|  0%| F|  |TAMS 0x0000000710a00000, 0x0000000710a00000| Untracked 
| 125|0x0000000710c00000, 0x0000000710c00000, 0x0000000710e00000|  0%| F|  |TAMS 0x0000000710c00000, 0x0000000710c00000| Untracked 
| 126|0x0000000710e00000, 0x0000000710e00000, 0x0000000711000000|  0%| F|  |TAMS 0x0000000710e00000, 0x0000000710e00000| Untracked 
| 127|0x0000000711000000, 0x00000007111f45d8, 0x0000000711200000| 97%| E|  |TAMS 0x0000000711000000, 0x0000000711000000| Complete 

Card table byte_map: [0x000001564aaf0000,0x000001564b2f0000] _byte_map_base: 0x00000156472e7000

Marking Bits (Prev, Next): (CMBitMap*) 0x00000156328dfdb0, (CMBitMap*) 0x00000156328dfdf0
 Prev Bits: [0x000001564baf0000, 0x000001564faa8000)
 Next Bits: [0x000001564fab0000, 0x0000015653a68000)

Polling page: 0x0000015630880000

Metaspace:

Usage:
  Non-class:     12.79 MB capacity,    11.11 MB ( 87%) used,     1.67 MB ( 13%) free+waste,    16.00 KB ( <1%) overhead. 
      Class:      1.10 MB capacity,   901.60 KB ( 80%) used,   216.15 KB ( 19%) free+waste,     5.25 KB ( <1%) overhead. 
       Both:     13.89 MB capacity,    11.99 MB ( 86%) used,     1.88 MB ( 14%) free+waste,    21.25 KB ( <1%) overhead. 

Virtual space:
  Non-class space:       14.00 MB reserved,      13.00 MB ( 93%) committed 
      Class space:        1.00 GB reserved,       1.13 MB ( <1%) committed 
             Both:        1.01 GB reserved,      14.13 MB (  1%) committed 

Chunk freelists:
   Non-Class:  18.00 KB
       Class:  29.00 KB
        Both:  47.00 KB

MaxMetaspaceSize: 17179869184.00 GB
CompressedClassSpaceSize: 1.00 GB

CodeHeap 'non-profiled nmethods': size=120000Kb used=655Kb max_used=655Kb free=119344Kb
 bounds [0x0000015642870000, 0x0000015642ae0000, 0x0000015649da0000]
CodeHeap 'profiled nmethods': size=120000Kb used=2421Kb max_used=2421Kb free=117578Kb
 bounds [0x000001563b340000, 0x000001563b5b0000, 0x0000015642870000]
CodeHeap 'non-nmethods': size=5760Kb used=1709Kb max_used=1755Kb free=4050Kb
 bounds [0x000001563ada0000, 0x000001563b010000, 0x000001563b340000]
 total_blobs=2515 nmethods=1384 adapters=1044
 compilation: enabled
              stopped_count=0, restarted_count=0
 full_count=0

Compilation events (20 events):
Event: 1.098 Thread 0x0000015656f38420 1374       3       java.lang.invoke.MethodHandles$Lookup::isClassAccessible (36 bytes)
Event: 1.098 Thread 0x0000015656f38420 nmethod 1374 0x000001563b597910 code [0x000001563b597ae0, 0x000001563b597f18]
Event: 1.105 Thread 0x0000015656f38420 1376   !   3       java.lang.ref.ReferenceQueue::enqueue (119 bytes)
Event: 1.106 Thread 0x0000015658338260 nmethod 1366 0x0000015642901390 code [0x0000015642901520, 0x0000015642901818]
Event: 1.106 Thread 0x0000015656f38420 nmethod 1376 0x000001563b598090 code [0x000001563b598280, 0x000001563b598968]
Event: 1.107 Thread 0x0000015658338260 1378       4       jdk.internal.jimage.ImageLocation::decompress (153 bytes)
Event: 1.109 Thread 0x0000015656f38420 1379       3       java.lang.Math::floorDiv (22 bytes)
Event: 1.109 Thread 0x0000015656f38420 nmethod 1379 0x000001563b598b10 code [0x000001563b598ca0, 0x000001563b598e38]
Event: 1.109 Thread 0x000001565821f4a0 1380       4       java.lang.Math::floorMod (20 bytes)
Event: 1.110 Thread 0x000001565821f4a0 nmethod 1380 0x0000015642901a10 code [0x0000015642901b80, 0x0000015642901c18]
Event: 1.110 Thread 0x000001565821f4a0 1381       4       java.lang.Math::floorDiv (22 bytes)
Event: 1.110 Thread 0x000001565821f4a0 nmethod 1381 0x0000015642901d10 code [0x0000015642901e80, 0x0000015642901f18]
Event: 1.111 Thread 0x0000015658338260 nmethod 1378 0x0000015642902010 code [0x00000156429021a0, 0x0000015642902578]
Event: 1.115 Thread 0x0000015656f38420 1382 %     3       org.delusion.engine.render.ui.Font::<init> @ 55 (187 bytes)
Event: 1.116 Thread 0x0000015656f38420 nmethod 1382% 0x000001563b598f10 code [0x000001563b5992a0, 0x000001563b59aaa8]
Event: 1.116 Thread 0x0000015656f38420 1383       3       org.delusion.engine.render.ui.Font::<init> (187 bytes)
Event: 1.117 Thread 0x0000015656f38420 nmethod 1383 0x000001563b59b310 code [0x000001563b59b680, 0x000001563b59cd68]
Event: 1.117 Thread 0x000001565821f4a0 1384 %     4       org.delusion.engine.render.ui.Font::<init> @ 55 (187 bytes)
Event: 1.118 Thread 0x0000015656f34060 nmethod 798 0x0000015642902810 code [0x00000156429030e0, 0x000001564290d2b8]
Event: 1.120 Thread 0x000001565821f4a0 nmethod 1384% 0x0000015642913790 code [0x0000015642913920, 0x0000015642913c18]

GC Heap History (4 events):
Event: 0.775 GC heap before
{Heap before GC invocations=0 (full 0):
 garbage-first heap   total 262144K, used 22528K [0x0000000701200000, 0x0000000800000000)
  region size 2048K, 11 young (22528K), 0 survivors (0K)
 Metaspace       used 5882K, capacity 8744K, committed 9088K, reserved 1058816K
  class space    used 292K, capacity 577K, committed 640K, reserved 1048576K
}
Event: 0.777 GC heap after
{Heap after GC invocations=1 (full 0):
 garbage-first heap   total 262144K, used 2544K [0x0000000701200000, 0x0000000800000000)
  region size 2048K, 2 young (4096K), 2 survivors (4096K)
 Metaspace       used 5882K, capacity 8744K, committed 9088K, reserved 1058816K
  class space    used 292K, capacity 577K, committed 640K, reserved 1048576K
}
Event: 1.099 GC heap before
{Heap before GC invocations=1 (full 0):
 garbage-first heap   total 262144K, used 43504K [0x0000000701200000, 0x0000000800000000)
  region size 2048K, 19 young (38912K), 2 survivors (4096K)
 Metaspace       used 12176K, capacity 14161K, committed 14208K, reserved 1062912K
  class space    used 897K, capacity 1123K, committed 1152K, reserved 1048576K
}
Event: 1.105 GC heap after
{Heap after GC invocations=2 (full 0):
 garbage-first heap   total 262144K, used 13772K [0x0000000701200000, 0x0000000800000000)
  region size 2048K, 3 young (6144K), 3 survivors (6144K)
 Metaspace       used 12176K, capacity 14161K, committed 14208K, reserved 1062912K
  class space    used 897K, capacity 1123K, committed 1152K, reserved 1048576K
}

Deoptimization events (20 events):
Event: 1.119 Thread 0x00000156328908c0 DEOPT PACKING pc=0x000001563b59a644 sp=0x00000023f95ff570
Event: 1.119 Thread 0x00000156328908c0 DEOPT UNPACKING pc=0x000001563adee23f sp=0x00000023f95feac8 mode 0
Event: 1.119 Thread 0x00000156328908c0 DEOPT PACKING pc=0x000001563b59a644 sp=0x00000023f95ff570
Event: 1.119 Thread 0x00000156328908c0 DEOPT UNPACKING pc=0x000001563adee23f sp=0x00000023f95feac8 mode 0
Event: 1.119 Thread 0x00000156328908c0 DEOPT PACKING pc=0x000001563b59a644 sp=0x00000023f95ff570
Event: 1.119 Thread 0x00000156328908c0 DEOPT UNPACKING pc=0x000001563adee23f sp=0x00000023f95feac8 mode 0
Event: 1.119 Thread 0x00000156328908c0 DEOPT PACKING pc=0x000001563b59a644 sp=0x00000023f95ff570
Event: 1.119 Thread 0x00000156328908c0 DEOPT UNPACKING pc=0x000001563adee23f sp=0x00000023f95feac8 mode 0
Event: 1.119 Thread 0x00000156328908c0 DEOPT PACKING pc=0x000001563b59a644 sp=0x00000023f95ff570
Event: 1.119 Thread 0x00000156328908c0 DEOPT UNPACKING pc=0x000001563adee23f sp=0x00000023f95feac8 mode 0
Event: 1.120 Thread 0x00000156328908c0 DEOPT PACKING pc=0x000001563b59a644 sp=0x00000023f95ff570
Event: 1.120 Thread 0x00000156328908c0 DEOPT UNPACKING pc=0x000001563adee23f sp=0x00000023f95feac8 mode 0
Event: 1.120 Thread 0x00000156328908c0 DEOPT PACKING pc=0x000001563b59a644 sp=0x00000023f95ff570
Event: 1.120 Thread 0x00000156328908c0 DEOPT UNPACKING pc=0x000001563adee23f sp=0x00000023f95feac8 mode 0
Event: 1.120 Thread 0x00000156328908c0 DEOPT PACKING pc=0x000001563b59a644 sp=0x00000023f95ff570
Event: 1.120 Thread 0x00000156328908c0 DEOPT UNPACKING pc=0x000001563adee23f sp=0x00000023f95feac8 mode 0
Event: 1.120 Thread 0x00000156328908c0 Uncommon trap: trap_request=0xffffff45 fr.pc=0x0000015642913b04 relative=0x00000000000001e4
Event: 1.120 Thread 0x00000156328908c0 Uncommon trap: reason=unstable_if action=reinterpret pc=0x0000015642913b04 method=org.delusion.engine.render.ui.Font.<init>(Ljava/lang/String;I)V @ 60 c2
Event: 1.120 Thread 0x00000156328908c0 DEOPT PACKING pc=0x0000015642913b04 sp=0x00000023f95ff600
Event: 1.120 Thread 0x00000156328908c0 DEOPT UNPACKING pc=0x000001563adee42f sp=0x00000023f95ff5d0 mode 2

Classes unloaded (0 events):
No events

Classes redefined (0 events):
No events

Internal exceptions (20 events):
Event: 0.146 Thread 0x00000156328908c0 Exception <a 'java/lang/NoSuchMethodError'{0x0000000710b437f8}: 'void java.lang.invoke.DelegatingMethodHandle$Holder.delegate(java.lang.Object, java.lang.Object, int, java.lang.Object)'> (0x0000000710b437f8) 
thrown [./src/hotspot/share/interpreter/linkResolver.cpp, line 782]
Event: 0.146 Thread 0x00000156328908c0 Exception <a 'java/lang/NoSuchMethodError'{0x0000000710b47b40}: 'int java.lang.invoke.DirectMethodHandle$Holder.invokeSpecial(java.lang.Object, java.lang.Object, java.lang.Object)'> (0x0000000710b47b40) 
thrown [./src/hotspot/share/interpreter/linkResolver.cpp, line 782]
Event: 0.178 Thread 0x00000156328908c0 Exception <a 'sun/nio/fs/WindowsException'{0x000000071089c808}> (0x000000071089c808) 
thrown [./src/hotspot/share/prims/jni.cpp, line 578]
Event: 0.178 Thread 0x00000156328908c0 Exception <a 'sun/nio/fs/WindowsException'{0x000000071089cd58}> (0x000000071089cd58) 
thrown [./src/hotspot/share/prims/jni.cpp, line 578]
Event: 0.186 Thread 0x00000156328908c0 Exception <a 'sun/nio/fs/WindowsException'{0x00000007108eb4a0}> (0x00000007108eb4a0) 
thrown [./src/hotspot/share/prims/jni.cpp, line 578]
Event: 0.186 Thread 0x00000156328908c0 Exception <a 'sun/nio/fs/WindowsException'{0x00000007108eb800}> (0x00000007108eb800) 
thrown [./src/hotspot/share/prims/jni.cpp, line 578]
Event: 0.190 Thread 0x00000156328908c0 Exception <a 'java/lang/NoSuchMethodError'{0x0000000710954bb8}: 'java.lang.Object java.lang.invoke.DirectMethodHandle$Holder.invokeStatic(java.lang.Object)'> (0x0000000710954bb8) 
thrown [./src/hotspot/share/interpreter/linkResolver.cpp, line 782]
Event: 0.190 Thread 0x00000156328908c0 Exception <a 'java/lang/NoSuchMethodError'{0x0000000710958228}: 'java.lang.Object java.lang.invoke.DirectMethodHandle$Holder.invokeStaticInit(java.lang.Object)'> (0x0000000710958228) 
thrown [./src/hotspot/share/interpreter/linkResolver.cpp, line 782]
Event: 0.629 Thread 0x00000156328908c0 Exception <a 'sun/nio/fs/WindowsException'{0x000000071070f958}> (0x000000071070f958) 
thrown [./src/hotspot/share/prims/jni.cpp, line 578]
Event: 0.629 Thread 0x00000156328908c0 Exception <a 'sun/nio/fs/WindowsException'{0x000000071070fcf8}> (0x000000071070fcf8) 
thrown [./src/hotspot/share/prims/jni.cpp, line 578]
Event: 0.633 Thread 0x00000156328908c0 Exception <a 'sun/nio/fs/WindowsException'{0x0000000710729190}> (0x0000000710729190) 
thrown [./src/hotspot/share/prims/jni.cpp, line 578]
Event: 0.633 Thread 0x00000156328908c0 Exception <a 'sun/nio/fs/WindowsException'{0x0000000710729460}> (0x0000000710729460) 
thrown [./src/hotspot/share/prims/jni.cpp, line 578]
Event: 0.658 Thread 0x00000156328908c0 Exception <a 'sun/nio/fs/WindowsException'{0x00000007104e1308}> (0x00000007104e1308) 
thrown [./src/hotspot/share/prims/jni.cpp, line 578]
Event: 0.658 Thread 0x00000156328908c0 Exception <a 'sun/nio/fs/WindowsException'{0x00000007104e1698}> (0x00000007104e1698) 
thrown [./src/hotspot/share/prims/jni.cpp, line 578]
Event: 0.808 Thread 0x0000015658b7a950 Implicit null exception at 0x00000156428c86dc to 0x00000156428c87f0
Event: 0.815 Thread 0x00000156328908c0 Exception <a 'sun/nio/fs/WindowsException'{0x0000000710f52598}> (0x0000000710f52598) 
thrown [./src/hotspot/share/prims/jni.cpp, line 578]
Event: 0.815 Thread 0x00000156328908c0 Exception <a 'sun/nio/fs/WindowsException'{0x0000000710f52918}> (0x0000000710f52918) 
thrown [./src/hotspot/share/prims/jni.cpp, line 578]
Event: 0.817 Thread 0x00000156328908c0 Exception <a 'java/lang/NoSuchMethodError'{0x0000000710f5cc38}: 'void java.lang.invoke.DirectMethodHandle$Holder.invokeStaticInit(java.lang.Object)'> (0x0000000710f5cc38) 
thrown [./src/hotspot/share/interpreter/linkResolver.cpp, line 782]
Event: 0.965 Thread 0x00000156328908c0 Exception <a 'java/lang/NoSuchMethodError'{0x000000070f7f8720}: 'java.lang.Object java.lang.invoke.DirectMethodHandle$Holder.newInvokeSpecial(java.lang.Object, java.lang.Object, java.lang.Object, java.lang.Object, java.lang.Object)'> (0x000000070f7f8720) 
thrown [./src/hotspot/share/interpreter/linkResolver.cpp, line 782]
Event: 1.098 Thread 0x00000156328908c0 Exception <a 'java/lang/NoSuchMethodError'{0x000000070edec0f0}: 'void java.lang.invoke.DirectMethodHandle$Holder.invokeStatic(java.lang.Object, java.lang.Object, java.lang.Object, java.lang.Object)'> (0x000000070edec0f0) 
thrown [./src/hotspot/share/interpreter/linkResolver.cpp, line 782]

Events (20 events):
Event: 1.046 loading class sun/net/ProgressMonitor done
Event: 1.046 loading class sun/net/DefaultProgressMeteringPolicy
Event: 1.046 loading class sun/net/ProgressMeteringPolicy
Event: 1.046 loading class sun/net/ProgressMeteringPolicy done
Event: 1.046 loading class sun/net/DefaultProgressMeteringPolicy done
Event: 1.046 loading class java/io/BufferedReader$1
Event: 1.046 loading class java/io/BufferedReader$1 done
Event: 1.049 Thread 0x0000015665238260 Thread added: 0x0000015665238260
Event: 1.068 loading class java/util/Collections$CopiesList
Event: 1.068 loading class java/util/Collections$CopiesList done
Event: 1.089 Executing VM operation: ICBufferFull
Event: 1.090 Executing VM operation: ICBufferFull done
Event: 1.090 Executing VM operation: HandshakeAllThreads
Event: 1.090 Executing VM operation: HandshakeAllThreads done
Event: 1.093 Executing VM operation: ICBufferFull
Event: 1.093 Executing VM operation: ICBufferFull done
Event: 1.096 Executing VM operation: ICBufferFull
Event: 1.096 Executing VM operation: ICBufferFull done
Event: 1.099 Executing VM operation: G1CollectForAllocation
Event: 1.105 Executing VM operation: G1CollectForAllocation done


Dynamic libraries:
0x00007ff660210000 - 0x00007ff66021d000 	C:\Users\Andy\.jdks\azul-15.0.3\bin\java.exe
0x00007ffdc1030000 - 0x00007ffdc1225000 	C:\WINDOWS\SYSTEM32\ntdll.dll
0x00007ffdc0970000 - 0x00007ffdc0a2d000 	C:\WINDOWS\System32\KERNEL32.DLL
0x00007ffdbedd0000 - 0x00007ffdbf099000 	C:\WINDOWS\System32\KERNELBASE.dll
0x00007ffdbec40000 - 0x00007ffdbed40000 	C:\WINDOWS\System32\ucrtbase.dll
0x00007ffd92e20000 - 0x00007ffd92e38000 	C:\Users\Andy\.jdks\azul-15.0.3\bin\jli.dll
0x00007ffd92580000 - 0x00007ffd92595000 	C:\Users\Andy\.jdks\azul-15.0.3\bin\VCRUNTIME140.dll
0x00007ffdc07d0000 - 0x00007ffdc0970000 	C:\WINDOWS\System32\USER32.dll
0x00007ffdaebe0000 - 0x00007ffdaee7a000 	C:\WINDOWS\WinSxS\amd64_microsoft.windows.common-controls_6595b64144ccf1df_6.0.19041.1110_none_60b5254171f9507e\COMCTL32.dll
0x00007ffdbec10000 - 0x00007ffdbec32000 	C:\WINDOWS\System32\win32u.dll
0x00007ffdbf220000 - 0x00007ffdbf2be000 	C:\WINDOWS\System32\msvcrt.dll
0x00007ffdbf520000 - 0x00007ffdbf54a000 	C:\WINDOWS\System32\GDI32.dll
0x00007ffdbe910000 - 0x00007ffdbea1b000 	C:\WINDOWS\System32\gdi32full.dll
0x00007ffdbe7c0000 - 0x00007ffdbe85d000 	C:\WINDOWS\System32\msvcp_win.dll
0x00007ffdc01b0000 - 0x00007ffdc01e0000 	C:\WINDOWS\System32\IMM32.DLL
0x00007ffd5b3c0000 - 0x00007ffd5b45b000 	C:\Users\Andy\.jdks\azul-15.0.3\bin\msvcp140.dll
0x00007ffd562e0000 - 0x00007ffd56e71000 	C:\Users\Andy\.jdks\azul-15.0.3\bin\server\jvm.dll
0x00007ffdc01e0000 - 0x00007ffdc028c000 	C:\WINDOWS\System32\ADVAPI32.dll
0x00007ffdbf550000 - 0x00007ffdbf5eb000 	C:\WINDOWS\System32\sechost.dll
0x00007ffdbfd60000 - 0x00007ffdbfe8a000 	C:\WINDOWS\System32\RPCRT4.dll
0x00007ffdbfe90000 - 0x00007ffdbfe98000 	C:\WINDOWS\System32\PSAPI.DLL
0x00007ffdb4420000 - 0x00007ffdb4429000 	C:\WINDOWS\SYSTEM32\WSOCK32.dll
0x00007ffdafea0000 - 0x00007ffdafec7000 	C:\WINDOWS\SYSTEM32\WINMM.dll
0x00007ffdb7d90000 - 0x00007ffdb7d9a000 	C:\WINDOWS\SYSTEM32\VERSION.dll
0x00007ffdc0700000 - 0x00007ffdc076b000 	C:\WINDOWS\System32\WS2_32.dll
0x00007ffdbc5c0000 - 0x00007ffdbc5d2000 	C:\WINDOWS\SYSTEM32\kernel.appcore.dll
0x00007ffda46c0000 - 0x00007ffda46ca000 	C:\Users\Andy\.jdks\azul-15.0.3\bin\jimage.dll
0x00007ffda7ae0000 - 0x00007ffda7cc4000 	C:\WINDOWS\SYSTEM32\DBGHELP.DLL
0x00007ffda7970000 - 0x00007ffda799c000 	C:\WINDOWS\SYSTEM32\dbgcore.DLL
0x00007ffdbed40000 - 0x00007ffdbedc3000 	C:\WINDOWS\System32\bcryptPrimitives.dll
0x00007ffd90570000 - 0x00007ffd90595000 	C:\Users\Andy\.jdks\azul-15.0.3\bin\java.dll
0x00007ffdbf620000 - 0x00007ffdbfd5f000 	C:\WINDOWS\System32\SHELL32.dll
0x00007ffdbc8a0000 - 0x00007ffdbd031000 	C:\WINDOWS\SYSTEM32\windows.storage.dll
0x00007ffdc0bc0000 - 0x00007ffdc0f15000 	C:\WINDOWS\System32\combase.dll
0x00007ffdbe1e0000 - 0x00007ffdbe20c000 	C:\WINDOWS\SYSTEM32\Wldp.dll
0x00007ffdbf2c0000 - 0x00007ffdbf36e000 	C:\WINDOWS\System32\SHCORE.dll
0x00007ffdc0b60000 - 0x00007ffdc0bb5000 	C:\WINDOWS\System32\shlwapi.dll
0x00007ffdbe6b0000 - 0x00007ffdbe6cf000 	C:\WINDOWS\SYSTEM32\profapi.dll
0x00007ffd92260000 - 0x00007ffd92279000 	C:\Users\Andy\.jdks\azul-15.0.3\bin\net.dll
0x00007ffdb8730000 - 0x00007ffdb883a000 	C:\WINDOWS\SYSTEM32\WINHTTP.dll
0x00007ffdbded0000 - 0x00007ffdbdf3a000 	C:\WINDOWS\system32\mswsock.dll
0x00007ffd91190000 - 0x00007ffd911a2000 	C:\Users\Andy\.jdks\azul-15.0.3\bin\nio.dll
0x00007ffd781d0000 - 0x00007ffd781e8000 	C:\Users\Andy\.jdks\azul-15.0.3\bin\zip.dll
0x00007ffd90150000 - 0x00007ffd901b4000 	C:\Users\Andy\AppData\Local\Temp\lwjglAndy\3.2.3-build-13\lwjgl.dll
0x00007ffd74700000 - 0x00007ffd74762000 	C:\Users\Andy\AppData\Local\Temp\lwjglAndy\3.2.3-build-13\glfw.dll
0x00007ffdbc200000 - 0x00007ffdbc29e000 	C:\WINDOWS\system32\uxtheme.dll
0x00007ffd92b80000 - 0x00007ffd92bc5000 	C:\WINDOWS\SYSTEM32\dinput8.dll
0x00007ffda8a60000 - 0x00007ffda8a71000 	C:\WINDOWS\SYSTEM32\xinput1_4.dll
0x00007ffdbe770000 - 0x00007ffdbe7be000 	C:\WINDOWS\System32\cfgmgr32.dll
0x00007ffdbe380000 - 0x00007ffdbe3ac000 	C:\WINDOWS\SYSTEM32\DEVOBJ.dll
0x00007ffdbc3b0000 - 0x00007ffdbc3df000 	C:\WINDOWS\SYSTEM32\dwmapi.dll
0x00007ffdb29d0000 - 0x00007ffdb2b22000 	C:\WINDOWS\SYSTEM32\inputhost.dll
0x00007ffdc0f20000 - 0x00007ffdc0fed000 	C:\WINDOWS\System32\OLEAUT32.dll
0x00007ffdbb880000 - 0x00007ffdbb972000 	C:\WINDOWS\SYSTEM32\CoreMessaging.dll
0x00007ffdbb540000 - 0x00007ffdbb694000 	C:\WINDOWS\SYSTEM32\wintypes.dll
0x00007ffdba390000 - 0x00007ffdba486000 	C:\WINDOWS\SYSTEM32\PROPSYS.dll
0x00007ffdbbac0000 - 0x00007ffdbbe1e000 	C:\WINDOWS\SYSTEM32\CoreUIComponents.dll
0x00007ffdbd4c0000 - 0x00007ffdbd4f3000 	C:\WINDOWS\SYSTEM32\ntmarta.dll
0x00007ffdbf370000 - 0x00007ffdbf485000 	C:\WINDOWS\System32\MSCTF.dll
0x00007ffdbd040000 - 0x00007ffdbd04d000 	C:\WINDOWS\SYSTEM32\HID.DLL
0x00007ffdc0290000 - 0x00007ffdc06f9000 	C:\WINDOWS\System32\SETUPAPI.DLL
0x00007ffdbebe0000 - 0x00007ffdbec07000 	C:\WINDOWS\System32\bcrypt.dll
0x00007ffdbea20000 - 0x00007ffdbea80000 	C:\WINDOWS\System32\WINTRUST.dll
0x00007ffdbea80000 - 0x00007ffdbebdf000 	C:\WINDOWS\System32\CRYPT32.dll
0x00007ffdbe360000 - 0x00007ffdbe372000 	C:\WINDOWS\SYSTEM32\MSASN1.dll
0x00007ffd5c280000 - 0x00007ffd5c3a5000 	C:\WINDOWS\SYSTEM32\opengl32.dll
0x00007ffda4120000 - 0x00007ffda414c000 	C:\WINDOWS\SYSTEM32\GLU32.dll
0x00007ffdbf170000 - 0x00007ffdbf219000 	C:\WINDOWS\System32\clbcatq.dll
0x00007ffd4ca10000 - 0x00007ffd4f3a9000 	C:\WINDOWS\System32\DriverStore\FileRepository\nv_dispi.inf_amd64_1c83a5d7cffd7bff\nvoglv64.dll
0x00007ffdc0a30000 - 0x00007ffdc0b5a000 	C:\WINDOWS\System32\ole32.dll
0x00007ffdbaea0000 - 0x00007ffdbaeb4000 	C:\WINDOWS\SYSTEM32\WTSAPI32.dll
0x00007ffdb7b00000 - 0x00007ffdb7b31000 	C:\WINDOWS\SYSTEM32\cryptnet.dll
0x00007ffdbe0d0000 - 0x00007ffdbe0dc000 	C:\WINDOWS\SYSTEM32\cryptbase.dll
0x00007ffdb85a0000 - 0x00007ffdb85db000 	C:\WINDOWS\SYSTEM32\dxcore.dll
0x00007ffdbe190000 - 0x00007ffdbe1db000 	C:\WINDOWS\SYSTEM32\powrprof.dll
0x00007ffdbe110000 - 0x00007ffdbe122000 	C:\WINDOWS\SYSTEM32\UMPDC.dll
0x00007ffdbd8a0000 - 0x00007ffdbd8fa000 	C:\WINDOWS\SYSTEM32\WINSTA.dll
0x00007ffdb3350000 - 0x00007ffdb3449000 	C:\WINDOWS\SYSTEM32\textinputframework.dll
0x00007ffd69080000 - 0x00007ffd690d9000 	C:\Users\Andy\AppData\Local\Temp\lwjglAndy\3.2.3-build-13\lwjgl_opengl.dll
0x00007ffd67090000 - 0x00007ffd672e3000 	C:\Users\Andy\AppData\Local\Temp\lwjglAndy\3.2.3-build-13\jemalloc.dll
0x00007ffd67010000 - 0x00007ffd67087000 	C:\Users\Andy\AppData\Local\Temp\lwjglAndy\3.2.3-build-13\lwjgl_stb.dll
0x00007ffda4580000 - 0x00007ffda4590000 	C:\Users\Andy\.jdks\azul-15.0.3\bin\verify.dll

dbghelp: loaded successfully - version: 4.0.5 - missing functions: none
symbol engine: initialized successfully - sym options: 0x614 - pdb path: .;C:\Users\Andy\.jdks\azul-15.0.3\bin;C:\WINDOWS\SYSTEM32;C:\WINDOWS\WinSxS\amd64_microsoft.windows.common-controls_6595b64144ccf1df_6.0.19041.1110_none_60b5254171f9507e;C:\Users\Andy\.jdks\azul-15.0.3\bin\server;C:\Users\Andy\AppData\Local\Temp\lwjglAndy\3.2.3-build-13;C:\WINDOWS\System32\DriverStore\FileRepository\nv_dispi.inf_amd64_1c83a5d7cffd7bff

VM Arguments:
jvm_args: -Dfile.encoding=windows-1252 -Duser.country=US -Duser.language=en -Duser.variant 
java_command: org.delusion.game.Main
java_class_path (initial): C:\Users\Andy\IdeaProjects\thegamisms\game\build\classes\java\main;C:\Users\Andy\IdeaProjects\thegamisms\game\build\resources\main;C:\Users\Andy\IdeaProjects\thegamisms\engine\build\libs\engine-0.0.1.jar;C:\Users\Andy\.gradle\caches\modules-2\files-2.1\org.lwjgl\lwjgl-assimp\3.2.3\f62aa07a20afbdd3097efc296c4841e0d29700eb\lwjgl-assimp-3.2.3.jar;C:\Users\Andy\.gradle\caches\modules-2\files-2.1\org.lwjgl\lwjgl-assimp\3.2.3\4e60aeb75f0343c4a9ede4ef8b6b32ca702a00a3\lwjgl-assimp-3.2.3-natives-windows.jar;C:\Users\Andy\.gradle\caches\modules-2\files-2.1\org.lwjgl\lwjgl-bgfx\3.2.3\433883c4040fa8df47244dffa1d42c96ce2143de\lwjgl-bgfx-3.2.3.jar;C:\Users\Andy\.gradle\caches\modules-2\files-2.1\org.lwjgl\lwjgl-bgfx\3.2.3\f589da97dd3cfa96f42c8c812a0a028cf28223b8\lwjgl-bgfx-3.2.3-natives-windows.jar;C:\Users\Andy\.gradle\caches\modules-2\files-2.1\org.lwjgl\lwjgl-cuda\3.2.3\fb91f3aaa29e69eee7f1314a63d3e3068ad138e4\lwjgl-cuda-3.2.3.jar;C:\Users\Andy\.gradle\caches\modules-2\files-2.1\org.lwjgl\lwjgl-egl\3.2.3\45ad689a4346fac69d4e8696fa02aaa98f0ea196\lwjgl-egl-3.2.3.jar;C:\Users\Andy\.gradle\caches\modules-2\files-2.1\org.lwjgl\lwjgl-glfw\3.2.3\5e520d5c290c8b012545a8d34fa5db5ab051ea53\lwjgl-glfw-3.2.3.jar;C:\Users\Andy\.gradle\caches\modules-2\files-2.1\org.lwjgl\lwjgl-glfw\3.2.3\b4d8a3477cdc2edcf7a5f1e822926be846223f54\lwjgl-glfw-3.2.3-natives-windows.jar;C:\Users\Andy\.gradle\caches\modules-2\files-2.1\org.lwjgl\lwjgl-jawt\3.2.3\b93ceb43c55c28651e178af42e1f344e1e9d8bf3\lwjgl-jawt-3.2.3.jar;C:\Users\Andy\.gradle\caches\modules-2\files-2.1\org.lwjgl\lwjgl-jemalloc\3.2.3\b6fd0932171ba3f2eaa4547beddca3a3e645342d\lwjgl-jemalloc-3.2.3.jar;C:\Users\Andy\.gradle\caches\modules-2\files-2.1\org.lwjgl\lwjgl-jemalloc\3.2.3\3423fd0d4c7c1916c8f46b2075c4c2df02f22675\lwjgl-jemalloc-3.2.3-natives-windows.jar;C:\Users\Andy\.gradle\caches\modules-2\files-2.1\org.lwjgl\lwjgl-libdivide\3.2.3\58c515f934b8b3fd64897d436a9aaea518ac180a\lwjgl-libdivide-3.2.3.jar;C:\Users\Andy\.
Launcher Type: SUN_STANDARD

[Global flags]
     intx CICompilerCount                          = 4                                         {product} {ergonomic}
     uint ConcGCThreads                            = 3                                         {product} {ergonomic}
     uint G1ConcRefinementThreads                  = 10                                        {product} {ergonomic}
   size_t G1HeapRegionSize                         = 2097152                                   {product} {ergonomic}
    uintx GCDrainStackTargetSize                   = 64                                        {product} {ergonomic}
   size_t InitialHeapSize                          = 268435456                                 {product} {ergonomic}
   size_t MarkStackSize                            = 4194304                                   {product} {ergonomic}
   size_t MaxHeapSize                              = 4276092928                                {product} {ergonomic}
   size_t MaxNewSize                               = 2564816896                                {product} {ergonomic}
   size_t MinHeapDeltaBytes                        = 2097152                                   {product} {ergonomic}
   size_t MinHeapSize                              = 8388608                                   {product} {ergonomic}
    uintx NonNMethodCodeHeapSize                   = 5839372                                {pd product} {ergonomic}
    uintx NonProfiledCodeHeapSize                  = 122909434                              {pd product} {ergonomic}
    uintx ProfiledCodeHeapSize                     = 122909434                              {pd product} {ergonomic}
    uintx ReservedCodeCacheSize                    = 251658240                              {pd product} {ergonomic}
     bool SegmentedCodeCache                       = true                                      {product} {ergonomic}
   size_t SoftMaxHeapSize                          = 4276092928                             {manageable} {ergonomic}
     bool UseCompressedClassPointers               = true                                 {lp64_product} {ergonomic}
     bool UseCompressedOops                        = true                                 {lp64_product} {ergonomic}
     bool UseG1GC                                  = true                                      {product} {ergonomic}
     bool UseLargePagesIndividualAllocation        = false                                  {pd product} {ergonomic}

Logging:
Log output configuration:
 #0: stdout all=warning uptime,level,tags
 #1: stderr all=off uptime,level,tags

Environment Variables:
PATH=C:\Program Files (x86)\Razer\ChromaBroadcast\bin;C:\Program Files\Razer\ChromaBroadcast\bin;C:\VulkanSDK\1.2.176.1\Bin;C:\Program Files\Common Files\Oracle\Java\javapath;C:\Program Files (x86)\Common Files\Oracle\Java\javapath;C:\WINDOWS\system32;C:\WINDOWS;C:\WINDOWS\System32\Wbem;C:\WINDOWS\System32\WindowsPowerShell\v1.0\;C:\WINDOWS\System32\OpenSSH\;C:\Program Files\dotnet\;C:\Program Files\Microsoft SQL Server\130\Tools\Binn\;C:\Program Files\Microsoft SQL Server\Client SDK\ODBC\170\Tools\Binn\;C:\Program Files\Git\cmd;C:\Program Files\PuTTY\;C:\WINDOWS\system32\config\systemprofile\AppData\Local\Microsoft\WindowsApps;C:\Program Files\Go\bin;C:\Program Files\mingw-w64\x86_64-8.1.0-win32-seh-rt_v6-rev0\mingw64\bin;C:\Program Files\CMake\bin;C:\ProgramData\chocolatey\bin;C:\Program Files\NASM;C:\Users\Andy\AppData\Local\Microsoft\WindowsApps;C:\Users\Andy\AppData\Local\Programs\Microsoft VS Code Insiders\bin;C:\Program Files\JetBrains\IntelliJ IDEA Community Edition 2021.1.2\bin;C:\Users\Andy\.dotnet\tools;C:\Program Files\JetBrains\CLion 2021.1.2\bin;C:\Users\Andy\go\bin
USERNAME=Andy
OS=Windows_NT
PROCESSOR_IDENTIFIER=AMD64 Family 23 Model 113 Stepping 0, AuthenticAMD



---------------  S Y S T E M  ---------------

OS:
 Windows 10 , 64 bit Build 19041 (10.0.19041.1023)
OS uptime: 3 days 21:14 hours

CPU: total 12 (initial active 12) (12 cores per cpu, 2 threads per core) family 23 model 113 stepping 0 microcode 0x0, cmov, cx8, fxsr, mmx, sse, sse2, sse3, ssse3, sse4.1, sse4.2, popcnt, vzeroupper, avx, avx2, aes, clmul, 3dnowpref, lzcnt, sse4a, ht, tsc, tscinvbit, tscinv, bmi1, bmi2, adx, sha, fma, clflush, clflushopt

Memory: 4k page, system-wide physical 16307M (6242M free)
TotalPageFile size 30356M (AvailPageFile size 10998M)
current process WorkingSet (physical memory assigned to process): 194M, peak: 204M
current process commit charge ("private bytes"): 559M, peak: 571M

vm_info: OpenJDK 64-Bit Server VM (15.0.3+3) for windows-amd64 JRE (15.0.3+3) (Zulu15.32+15-CA), built on Apr  8 2021 05:09:25 by "zulu_re" with MS VC++ 15.9 (VS2017)

END.
